<?xml version="1.0" encoding="UTF-8"?>
<!-- Generated by org.testng.reporters.JUnitReportReporter -->
<testsuite hostname="DESKTOP-O72STL1" failures="0" tests="1" name="com.learnautomation.testcases.LogineTestCRM" time="9.076" errors="0" timestamp="15 Jun 2023 18:03:53 GMT" skipped="0">
  <testcase classname="com.learnautomation.testcases.LogineTestCRM" name="loginApp" time="9.076"/>
</testsuite> <!-- com.learnautomation.testcases.LogineTestCRM -->
